exec.configure dry_run: False reporting: 1
dispatcher.dispatch_all package_name: all subcmd: all
dispatcher.dispatch_package package_name: nodejs_llhttp subcmd: all
nodejs_llhttp.__init__ class: NodeJsLLHttp package name nodejs_llhttp 
package.__init__ class: SourcePackage package name nodejs_llhttp 
package.__init__ class: PackageBase package name nodejs_llhttp 
util.mkdir_p  directory_path: /home/robert/Projects/c_http/.smpl_cache/clone 
util.mkdir_p  Existing /home/robert/Projects/c_http/.smpl_cache/clone
util.mkdir_p  directory_path: /home/robert/Projects/c_http/.smpl_cache/stage/include 
util.mkdir_p  NonExisting /home/robert/Projects/c_http/.smpl_cache/stage/include
util.mkdir_p  directory_path: /home/robert/Projects/c_http/.smpl_cache/stage/lib 
util.mkdir_p  NonExisting /home/robert/Projects/c_http/.smpl_cache/stage/lib
util.mkdir_p  directory_path: /home/robert/Projects/c_http/.smpl_cache/stage/src 
util.mkdir_p  NonExisting /home/robert/Projects/c_http/.smpl_cache/stage/src
util.mkdir_p  directory_path: /home/robert/Projects/c_http/vendor 
util.mkdir_p  Existing /home/robert/Projects/c_http/vendor
util.mkdir_p  directory_path: /home/robert/Projects/c_http/vendor/include 
util.mkdir_p  Existing /home/robert/Projects/c_http/vendor/include
util.mkdir_p  directory_path: /home/robert/Projects/c_http/vendor/lib 
util.mkdir_p  Existing /home/robert/Projects/c_http/vendor/lib
nodejs_llhttp.get_package class: NodeJsLLHttp package name nodejs_llhttp 
package.get_git_repo class: PackageBase package name nodejs_llhttp 
util.rm_directory  directory_path: /home/robert/Projects/c_http/.smpl_cache/clone/llhttp
util.rm_directory  NonExisting /home/robert/Projects/c_http/.smpl_cache/clone/llhttp
util.git_clone  url: https://github.com/nodejs/llhttp branch: v2.2.0 into cwd /home/robert/Projects/c_http/.smpl_cache/clone
exec.run  cmd: /usr/bin/git,clone,https://github.com/nodejs/llhttp,--branch,v2.2.0 where: /home/robert/Projects/c_http/.smpl_cache/clone
exec.exec_cmd  cmd: /usr/bin/git,clone,https://github.com/nodejs/llhttp,--branch,v2.2.0 where: /home/robert/Projects/c_http/.smpl_cache/clone dry_run: False
util.list_directory  directory_path: /home/robert/Projects/c_http/.smpl_cache/clone/llhttp
exec.exec_cmd  cmd: ls,-al where: /home/robert/Projects/c_http/.smpl_cache/clone/llhttp dry_run: False
nodejs_llhttp.build_in_clone class: NodeJsLLHttp package name nodejs_llhttp 
exec.run  cmd: npm,install where: /home/robert/Projects/c_http/.smpl_cache/clone/llhttp
exec.exec_cmd  cmd: npm,install where: /home/robert/Projects/c_http/.smpl_cache/clone/llhttp dry_run: False
exec.run  cmd: make,release where: /home/robert/Projects/c_http/.smpl_cache/clone/llhttp
exec.exec_cmd  cmd: make,release where: /home/robert/Projects/c_http/.smpl_cache/clone/llhttp dry_run: False
nodejs_llhttp.stage_package class: NodeJsLLHttp package name nodejs_llhttp 
package.stage_source class: PackageBase package name nodejs_llhttp 
util.clear_directory  directory_path: /home/robert/Projects/c_http/.smpl_cache/stage/external_src/llhttp
util.rm_directory  directory_path: /home/robert/Projects/c_http/.smpl_cache/stage/external_src/llhttp
util.rm_directory  NonExisting /home/robert/Projects/c_http/.smpl_cache/stage/external_src/llhttp
util.mkdir_p  directory_path: /home/robert/Projects/c_http/.smpl_cache/stage/external_src/llhttp 
util.mkdir_p  NonExisting /home/robert/Projects/c_http/.smpl_cache/stage/external_src/llhttp
util.cp_directory_contents  src: /home/robert/Projects/c_http/.smpl_cache/clone/llhttp/release/include dest: /home/robert/Projects/c_http/.smpl_cache/stage/external_src/llhttp pattern: .* 
cp_directory_files /home/robert/Projects/c_http/.smpl_cache/clone/llhttp/release/include /home/robert/Projects/c_http/.smpl_cache/stage/external_src/llhttp .*
util.list_directory  directory_path: /home/robert/Projects/c_http/.smpl_cache/stage/external_src/llhttp
exec.exec_cmd  cmd: ls,-al where: /home/robert/Projects/c_http/.smpl_cache/stage/external_src/llhttp dry_run: False
package.stage_source class: PackageBase package name nodejs_llhttp 
util.cp_directory_contents  src: /home/robert/Projects/c_http/.smpl_cache/clone/llhttp/release/src dest: /home/robert/Projects/c_http/.smpl_cache/stage/external_src/llhttp pattern: .* 
cp_directory_files /home/robert/Projects/c_http/.smpl_cache/clone/llhttp/release/src /home/robert/Projects/c_http/.smpl_cache/stage/external_src/llhttp .*
util.list_directory  directory_path: /home/robert/Projects/c_http/.smpl_cache/stage/external_src/llhttp
exec.exec_cmd  cmd: ls,-al where: /home/robert/Projects/c_http/.smpl_cache/stage/external_src/llhttp dry_run: False
nodejs_llhttp.install_package class: NodeJsLLHttp package name nodejs_llhttp 
package.install_stage_to_project class: PackageBase package name nodejs_llhttp 
util.clear_directory  directory_path: /home/robert/Projects/c_http/vendor/src/llhttp
util.rm_directory  directory_path: /home/robert/Projects/c_http/vendor/src/llhttp
util.rm_directory  Existing /home/robert/Projects/c_http/vendor/src/llhttp
util.rm_directory  call rmtree on /home/robert/Projects/c_http/vendor/src/llhttp
util.mkdir_p  directory_path: /home/robert/Projects/c_http/vendor/src/llhttp 
util.mkdir_p  NonExisting /home/robert/Projects/c_http/vendor/src/llhttp
util.cp_directory_contents  src: /home/robert/Projects/c_http/.smpl_cache/stage/external_src/llhttp dest: /home/robert/Projects/c_http/vendor/src/llhttp pattern: .* 
cp_directory_files /home/robert/Projects/c_http/.smpl_cache/stage/external_src/llhttp /home/robert/Projects/c_http/vendor/src/llhttp .*
util.list_directory  directory_path: /home/robert/Projects/c_http/vendor/src/llhttp
exec.exec_cmd  cmd: ls,-al where: /home/robert/Projects/c_http/vendor/src/llhttp dry_run: False
dispatcher.dispatch_package package_name: nodejs_http_parser subcmd: all
package.__init__ class: SourcePackage package name nodejs_http_parser 
package.__init__ class: PackageBase package name nodejs_http_parser 
util.mkdir_p  directory_path: /home/robert/Projects/c_http/.smpl_cache/clone 
util.mkdir_p  Existing /home/robert/Projects/c_http/.smpl_cache/clone
util.mkdir_p  directory_path: /home/robert/Projects/c_http/.smpl_cache/stage/include 
util.mkdir_p  Existing /home/robert/Projects/c_http/.smpl_cache/stage/include
util.mkdir_p  directory_path: /home/robert/Projects/c_http/.smpl_cache/stage/lib 
util.mkdir_p  Existing /home/robert/Projects/c_http/.smpl_cache/stage/lib
util.mkdir_p  directory_path: /home/robert/Projects/c_http/.smpl_cache/stage/src 
util.mkdir_p  Existing /home/robert/Projects/c_http/.smpl_cache/stage/src
util.mkdir_p  directory_path: /home/robert/Projects/c_http/vendor 
util.mkdir_p  Existing /home/robert/Projects/c_http/vendor
util.mkdir_p  directory_path: /home/robert/Projects/c_http/vendor/include 
util.mkdir_p  Existing /home/robert/Projects/c_http/vendor/include
util.mkdir_p  directory_path: /home/robert/Projects/c_http/vendor/lib 
util.mkdir_p  Existing /home/robert/Projects/c_http/vendor/lib
package.get_git_repo class: PackageBase package name nodejs_http_parser 
util.rm_directory  directory_path: /home/robert/Projects/c_http/.smpl_cache/clone/http-parser
util.rm_directory  NonExisting /home/robert/Projects/c_http/.smpl_cache/clone/http-parser
util.git_clone  url: https://github.com/nodejs/http-parser branch: v2.9.4 into cwd /home/robert/Projects/c_http/.smpl_cache/clone
exec.run  cmd: /usr/bin/git,clone,https://github.com/nodejs/http-parser,--branch,v2.9.4 where: /home/robert/Projects/c_http/.smpl_cache/clone
exec.exec_cmd  cmd: /usr/bin/git,clone,https://github.com/nodejs/http-parser,--branch,v2.9.4 where: /home/robert/Projects/c_http/.smpl_cache/clone dry_run: False
util.list_directory  directory_path: /home/robert/Projects/c_http/.smpl_cache/clone/http-parser
exec.exec_cmd  cmd: ls,-al where: /home/robert/Projects/c_http/.smpl_cache/clone/http-parser dry_run: False
package.stage_source class: PackageBase package name nodejs_http_parser 
util.clear_directory  directory_path: /home/robert/Projects/c_http/.smpl_cache/stage/external_src/http-parser
util.rm_directory  directory_path: /home/robert/Projects/c_http/.smpl_cache/stage/external_src/http-parser
util.rm_directory  NonExisting /home/robert/Projects/c_http/.smpl_cache/stage/external_src/http-parser
util.mkdir_p  directory_path: /home/robert/Projects/c_http/.smpl_cache/stage/external_src/http-parser 
util.mkdir_p  NonExisting /home/robert/Projects/c_http/.smpl_cache/stage/external_src/http-parser
util.cp_directory_contents  src: /home/robert/Projects/c_http/.smpl_cache/clone/http-parser dest: /home/robert/Projects/c_http/.smpl_cache/stage/external_src/http-parser pattern: .* 
cp_directory_files /home/robert/Projects/c_http/.smpl_cache/clone/http-parser /home/robert/Projects/c_http/.smpl_cache/stage/external_src/http-parser .*
util.list_directory  directory_path: /home/robert/Projects/c_http/.smpl_cache/stage/external_src/http-parser
exec.exec_cmd  cmd: ls,-al where: /home/robert/Projects/c_http/.smpl_cache/stage/external_src/http-parser dry_run: False
package.install_stage_to_project class: PackageBase package name nodejs_http_parser 
util.clear_directory  directory_path: /home/robert/Projects/c_http/vendor/src/http-parser
util.rm_directory  directory_path: /home/robert/Projects/c_http/vendor/src/http-parser
util.rm_directory  Existing /home/robert/Projects/c_http/vendor/src/http-parser
util.rm_directory  call rmtree on /home/robert/Projects/c_http/vendor/src/http-parser
util.mkdir_p  directory_path: /home/robert/Projects/c_http/vendor/src/http-parser 
util.mkdir_p  NonExisting /home/robert/Projects/c_http/vendor/src/http-parser
util.cp_directory_contents  src: /home/robert/Projects/c_http/.smpl_cache/stage/external_src/http-parser dest: /home/robert/Projects/c_http/vendor/src/http-parser pattern: .* 
cp_directory_files /home/robert/Projects/c_http/.smpl_cache/stage/external_src/http-parser /home/robert/Projects/c_http/vendor/src/http-parser .*
util.list_directory  directory_path: /home/robert/Projects/c_http/vendor/src/http-parser
exec.exec_cmd  cmd: ls,-al where: /home/robert/Projects/c_http/vendor/src/http-parser dry_run: False
