==1719414== HEAP SUMMARY:
==1719414==     in use at exit: 46,661 bytes in 128 blocks
==1719414==   total heap usage: 190 allocs, 62 frees, 115,157 bytes allocated
==1719414==
==1719414== 32 bytes in 1 blocks are definitely lost in loss record 6 of 18
==1719414==    at 0x483B7F3: malloc (in /usr/lib/x86_64-linux-gnu/valgrind/vgpreload_memcheck-amd64-linux.so)
==1719414==    by 0x10B0FA: eg__alloc (alloc.c:7)
==1719414==    by 0x10B275: List_new (list.c:47)
==1719414==    by 0x10A89C: DemoServer_new (demo_server.c:40)
==1719414==    by 0x10A739: main (demo_main.c:29)
==1719414==
==1719414== 868 bytes in 56 blocks are indirectly lost in loss record 14 of 18
==1719414==    at 0x483B7F3: malloc (in /usr/lib/x86_64-linux-gnu/valgrind/vgpreload_memcheck-amd64-linux.so)
==1719414==    by 0x10B0FA: eg__alloc (alloc.c:7)
==1719414==    by 0x1112AF: IOBuffer_init (iobuffer.c:45)
==1719414==    by 0x111355: IOBuffer_new_with_capacity (iobuffer.c:66)
==1719414==    by 0x110DE7: BufferChain_compact (buffer_chain.c:99)
==1719414==    by 0x11077D: DemoParser_consume (demo_parser.c:166)
==1719414==    by 0x10EEB9: reader (demo_connection.c:201)
==1719414==    by 0x10ED5B: postable_reader (demo_connection.c:174)
==1719414==    by 0x10CDB3: rtor_reactor_run (reactor.c:244)
==1719414==    by 0x10AAE0: DemoServer_listen (demo_server.c:73)
==1719414==    by 0x10A754: main (demo_main.c:31)
==1719414==
==1719414== 4,004 (3,136 direct, 868 indirect) bytes in 56 blocks are definitely lost in loss record 16 of 18
==1719414==    at 0x483B7F3: malloc (in /usr/lib/x86_64-linux-gnu/valgrind/vgpreload_memcheck-amd64-linux.so)
==1719414==    by 0x10B0FA: eg__alloc (alloc.c:7)
==1719414==    by 0x111332: IOBuffer_new_with_capacity (iobuffer.c:63)
==1719414==    by 0x110DE7: BufferChain_compact (buffer_chain.c:99)
==1719414==    by 0x11077D: DemoParser_consume (demo_parser.c:166)
==1719414==    by 0x10EEB9: reader (demo_connection.c:201)
==1719414==    by 0x10ED5B: postable_reader (demo_connection.c:174)
==1719414==    by 0x10CDB3: rtor_reactor_run (reactor.c:244)
==1719414==    by 0x10AAE0: DemoServer_listen (demo_server.c:73)
==1719414==    by 0x10A754: main (demo_main.c:31)
==1719414==
==1719414== LEAK SUMMARY:
==1719414==    definitely lost: 3,168 bytes in 57 blocks
==1719414==    indirectly lost: 868 bytes in 56 blocks
==1719414==      possibly lost: 0 bytes in 0 blocks
==1719414==    still reachable: 42,625 bytes in 15 blocks
==1719414==         suppressed: 0 bytes in 0 blocks
==1719414==
==1719414== For lists of detected and suppressed errors, rerun with: -s
==1719414== ERROR SUMMARY: 2 errors from 2 contexts (suppressed: 0 from 0)
~/Projects/c_http/demo_app (demo_app_splithandlercode) $

